<?xml version="1.0" encoding="UTF-8"?>
<!-- Generated by org.testng.reporters.JUnitReportReporter -->
<testsuite hostname="DESKTOP-CQBUTGG" failures="0" tests="1" name="api.get.UserGet" time="2.040" errors="0" timestamp="2024-07-15T12:35:37 IST" skipped="0">
  <testcase classname="api.get.UserGet" name="getUser" time="2.040"/>
</testsuite> <!-- api.get.UserGet -->
