<?xml version="1.0" encoding="UTF-8"?>
<!-- Generated by org.testng.reporters.JUnitReportReporter -->
<testsuite hostname="DESKTOP-CQBUTGG" failures="0" tests="1" name="api.get.UserAdd" time="2.955" errors="0" timestamp="2024-07-15T12:46:42 IST" skipped="0">
  <testcase classname="api.get.UserAdd" name="addUser" time="2.955"/>
</testsuite> <!-- api.get.UserAdd -->
